Reading from : /dev/input/event4 (DELL DELL USB Keyboard)
Reading from : /dev/input/event5 (DELL DELL USB Keyboard)
0.1.0.1.0.1.0.1.0.1.0.1.0.1.0.1.0.1.0.1.0.1.0.1.0.1.0.1.0.1.0.1.0.1.0.1.0.1.0.1.0Read 288, 12 events from device /dev/input/event4.
(1518999037.256212):4:4:458758
(1518999037.256212):1:46:1
(1518999037.256212):0:0:0
(1518999037.368185):4:4:458758
(1518999037.368185):1:46:0
(1518999037.368185):0:0:0
(1518999037.528179):4:4:458759
(1518999037.528179):1:32:1
(1518999037.528179):0:0:0
(1518999037.616174):4:4:458759
(1518999037.616174):1:32:0
(1518999037.616174):0:0:0
1.0Read 432, 18 events from device /dev/input/event4.
(1518999038.72186):4:4:458796
(1518999038.72186):1:57:1
(1518999038.72186):0:0:0
(1518999038.184177):4:4:458796
(1518999038.184177):1:57:0
(1518999038.184177):0:0:0
(1518999038.336144):4:4:458807
(1518999038.336144):1:52:1
(1518999038.336144):0:0:0
(1518999038.424170):4:4:458807
(1518999038.424170):1:52:0
(1518999038.424170):0:0:0
(1518999038.504170):4:4:458807
(1518999038.504170):1:52:1
(1518999038.504170):0:0:0
(1518999038.600171):4:4:458807
(1518999038.600171):1:52:0
(1518999038.600171):0:0:0
1.0.1.0Read 648, 27 events from device /dev/input/event4.
(1518999039.952126):4:4:458808
(1518999039.952126):1:53:1
(1518999039.952126):0:0:0
(1518999040.48124):4:4:458808
(1518999040.48124):1:53:0
(1518999040.48124):0:0:0
(1518999040.224115):4:4:458766
(1518999040.224115):1:37:1
(1518999040.224115):0:0:0
(1518999040.304115):4:4:458766
(1518999040.304115):1:37:0
(1518999040.304115):0:0:0
(1518999040.336112):4:4:458760
(1518999040.336112):1:18:1
(1518999040.336112):0:0:0
(1518999040.448132):4:4:458760
(1518999040.448132):1:18:0
(1518999040.448132):0:0:0
(1518999040.480136):4:4:458780
(1518999040.480136):1:21:1
(1518999040.480136):0:0:0
(1518999040.568111):4:4:458780
(1518999040.568111):1:21:0
(1518999040.568111):0:0:0
(1518999040.608117):4:4:458774
(1518999040.608117):1:31:1
(1518999040.608117):0:0:0
1.0Read 624, 26 events from device /dev/input/event4.
(1518999040.728107):4:4:458774
(1518999040.728107):1:31:0
(1518999040.728107):0:0:0
(1518999040.784109):4:4:458792
(1518999040.784109):1:28:1
(1518999040.784109):0:0:0
(1518999040.864103):4:4:458792
(1518999040.864103):1:28:0
(1518999040.864103):0:0:0
(1518999041.320114):4:4:458767
(1518999041.320114):1:38:1
(1518999041.320114):0:0:0
(1518999041.392094):4:4:458767
(1518999041.392094):1:38:0
(1518999041.392094):4:4:458774
(1518999041.392094):1:31:1
(1518999041.392094):0:0:0
(1518999041.472074):4:4:458774
(1518999041.472074):1:31:0
(1518999041.472074):0:0:0
(1518999041.544078):4:4:458792
(1518999041.544078):1:28:1
(1518999041.544078):0:0:0
(1518999041.624090):4:4:458792
(1518999041.624090):1:28:0
(1518999041.624090):0:0:0
1.0.1.0Read 408, 17 events from device /dev/input/event4.
(1518999043.296045):4:4:458777
(1518999043.296045):1:47:1
(1518999043.296045):0:0:0
(1518999043.384049):4:4:458777
(1518999043.384049):1:47:0
(1518999043.384049):4:4:458764
(1518999043.384049):1:23:1
(1518999043.384049):0:0:0
(1518999043.456047):4:4:458768
(1518999043.456047):1:50:1
(1518999043.456047):0:0:0
(1518999043.504044):4:4:458764
(1518999043.504044):1:23:0
(1518999043.504044):0:0:0
(1518999043.616041):4:4:458768
(1518999043.616041):1:50:0
(1518999043.616041):0:0:0
1.0Read 696, 29 events from device /dev/input/event4.
(1518999043.792036):4:4:458796
(1518999043.792036):1:57:1
(1518999043.792036):0:0:0
(1518999043.912033):4:4:458796
(1518999043.912033):1:57:0
(1518999043.912033):0:0:0
(1518999044.88049):4:4:458763
(1518999044.88049):1:35:1
(1518999044.88049):0:0:0
(1518999044.184027):4:4:458763
(1518999044.184027):1:35:0
(1518999044.184027):4:4:458760
(1518999044.184027):1:18:1
(1518999044.184027):0:0:0
(1518999044.272045):4:4:458760
(1518999044.272045):1:18:0
(1518999044.272045):0:0:0
(1518999044.288035):4:4:458767
(1518999044.288035):1:38:1
(1518999044.288035):0:0:0
(1518999044.368011):4:4:458767
(1518999044.368011):1:38:0
(1518999044.368011):0:0:0
(1518999044.456017):4:4:458767
(1518999044.456017):1:38:1
(1518999044.456017):0:0:0
(1518999044.536020):4:4:458767
(1518999044.536020):1:38:0
(1518999044.536020):0:0:0
1.0Read 504, 21 events from device /dev/input/event4.
(1518999044.648018):4:4:458770
(1518999044.648018):1:24:1
(1518999044.648018):0:0:0
(1518999044.760023):4:4:458770
(1518999044.760023):1:24:0
(1518999044.760023):0:0:0
(1518999045.160023):4:4:458807
(1518999045.160023):1:52:1
(1518999045.160023):0:0:0
(1518999045.248016):4:4:458807
(1518999045.248016):1:52:0
(1518999045.248016):0:0:0
(1518999045.328000):4:4:458775
(1518999045.328000):1:20:1
(1518999045.328000):0:0:0
(1518999045.432000):4:4:458775
(1518999045.432000):1:20:0
(1518999045.432000):0:0:0
(1518999045.624003):4:4:458779
(1518999045.624003):1:45:1
(1518999045.624003):0:0:0
1.0Read 360, 15 events from device /dev/input/event4.
(1518999045.751993):4:4:458779
(1518999045.751993):1:45:0
(1518999045.751993):0:0:0
(1518999045.919988):4:4:458775
(1518999045.919988):1:20:1
(1518999045.919988):0:0:0
(1518999046.7985):4:4:458775
(1518999046.7985):1:20:0
(1518999046.7985):0:0:0
(1518999046.447977):4:4:458792
(1518999046.447977):1:28:1
(1518999046.447977):0:0:0
(1518999046.503981):4:4:458792
(1518999046.503981):1:28:0
(1518999046.503981):0:0:0
1.0Read 504, 21 events from device /dev/input/event4.
(1518999047.247965):4:4:458763
(1518999047.247965):1:35:1
(1518999047.247965):0:0:0
(1518999047.343958):4:4:458770
(1518999047.343958):1:24:1
(1518999047.343958):0:0:0
(1518999047.359942):4:4:458763
(1518999047.359942):1:35:0
(1518999047.359942):0:0:0
(1518999047.407943):4:4:458778
(1518999047.407943):1:17:1
(1518999047.407943):0:0:0
(1518999047.447944):4:4:458770
(1518999047.447944):1:24:0
(1518999047.447944):0:0:0
(1518999047.519946):4:4:458778
(1518999047.519946):1:17:0
(1518999047.519946):0:0:0
(1518999047.567941):4:4:458796
(1518999047.567941):1:57:1
(1518999047.567941):0:0:0
1.0Read 144, 6 events from device /dev/input/event4.
(1518999047.663939):4:4:458796
(1518999047.663939):1:57:0
(1518999047.663939):0:0:0
(1518999048.607937):4:4:458794
(1518999048.607937):1:14:1
(1518999048.607937):0:0:0
1.0Read 360, 15 events from device /dev/input/event4.
(1518999048.671940):4:4:458794
(1518999048.671940):1:14:0
(1518999048.671940):0:0:0
(1518999048.775944):4:4:458794
(1518999048.775944):1:14:1
(1518999048.775944):0:0:0
(1518999048.847936):4:4:458794
(1518999048.847936):1:14:0
(1518999048.847936):0:0:0
(1518999048.943941):4:4:458794
(1518999048.943941):1:14:1
(1518999048.943941):0:0:0
(1518999049.15930):4:4:458794
(1518999049.15930):1:14:0
(1518999049.15930):0:0:0
1.0Read 288, 12 events from device /dev/input/event4.
(1518999049.807924):4:4:458764
(1518999049.807924):1:23:1
(1518999049.807924):0:0:0
(1518999049.871920):4:4:458764
(1518999049.871920):1:23:0
(1518999049.871920):0:0:0
(1518999050.399908):4:4:458793
(1518999050.399908):1:1:1
(1518999050.399908):0:0:0
(1518999050.495888):4:4:458793
(1518999050.495888):1:1:0
(1518999050.495888):0:0:0
1.0Read 144, 6 events from device /dev/input/event4.
(1518999050.919898):4:4:458794
(1518999050.919898):1:14:1
(1518999050.919898):0:0:0
(1518999050.999884):4:4:458794
(1518999050.999884):1:14:0
(1518999050.999884):0:0:0
1.0.1.0Read 288, 12 events from device /dev/input/event4.
(1518999052.927865):4:4:458759
(1518999052.927865):1:32:1
(1518999052.927865):0:0:0
(1518999052.991845):4:4:458759
(1518999052.991845):1:32:0
(1518999052.991845):0:0:0
(1518999053.111843):4:4:458759
(1518999053.111843):1:32:1
(1518999053.111843):0:0:0
(1518999053.183843):4:4:458759
(1518999053.183843):1:32:0
(1518999053.183843):0:0:0
1.0.1.0Read 144, 6 events from device /dev/input/event4.
(1518999055.183808):4:4:458764
(1518999055.183808):1:23:1
(1518999055.183808):0:0:0
(1518999055.247789):4:4:458764
(1518999055.247789):1:23:0
(1518999055.247789):0:0:0
1.0Read 432, 18 events from device /dev/input/event4.
(1518999056.167782):4:4:458763
(1518999056.167782):1:35:1
(1518999056.167782):0:0:0
(1518999056.247761):4:4:458763
(1518999056.247761):1:35:0
(1518999056.247761):0:0:0
(1518999056.359766):4:4:458770
(1518999056.359766):1:24:1
(1518999056.359766):0:0:0
(1518999056.423775):4:4:458778
(1518999056.423775):1:17:1
(1518999056.423775):0